<?xml version="1.0" encoding="UTF-8"?>
<!-- Generated by org.testng.reporters.JUnitXMLReporter -->
<testsuite ignored="6" hostname="DESKTOP-1OIHU9F" failures="0" tests="1" name="Test1" time="59.424" errors="0" timestamp="2024-10-26T07:28:29 IST">
  <testcase classname="script.ValidLogin" name="TestValidLogin" time="3.914"/>
  <testcase classname="generic.BaseTest" name="@BeforeSuite initReport" time="0.0">
    <ignored/>
  </testcase> <!-- @BeforeSuite initReport -->
  <testcase classname="generic.BaseTest" name="@AfterSuite generateReport" time="0.0">
    <ignored/>
  </testcase> <!-- @AfterSuite generateReport -->
  <testcase classname="generic.BaseTest" name="@AfterSuite generateReport" time="0.0">
    <ignored/>
  </testcase> <!-- @AfterSuite generateReport -->
  <testcase classname="script.Demo1" name="TestA" time="0.0">
    <ignored/>
  </testcase> <!-- TestA -->
  <testcase classname="script.Demo2" name="TestB" time="0.0">
    <ignored/>
  </testcase> <!-- TestB -->
  <testcase classname="generic.BaseTest" name="@BeforeSuite initReport" time="0.0">
    <ignored/>
  </testcase> <!-- @BeforeSuite initReport -->
</testsuite> <!-- Test1 -->
