<?xml version="1.0" encoding="UTF-8"?>
<testng-results ignored="0" total="1" passed="1" failed="0" skipped="0">
  <reporter-output>
    <line>
      <![CDATA[Home Page is Displayed]]>
    </line>
  </reporter-output>
  <suite started-at="2024-10-26T07:46:33 IST" name="Suite" finished-at="2024-10-26T07:47:12 IST" duration-ms="39321">
    <groups>
    </groups>
    <test started-at="2024-10-26T07:46:33 IST" name="Test1" finished-at="2024-10-26T07:47:12 IST" duration-ms="39321">
      <class name="script.Demo1">
        <test-method is-config="true" signature="initReport()[pri:0, instance:script.Demo1@2a3b5b47]" started-at="2024-10-26T07:46:32 IST" name="initReport" finished-at="2024-10-26T07:46:33 IST" duration-ms="485" status="PASS">
          <reporter-output>
          </reporter-output>
        </test-method> <!-- initReport -->
        <test-method is-config="true" signature="generateReport()[pri:0, instance:script.Demo1@2a3b5b47]" started-at="2024-10-26T07:47:13 IST" name="generateReport" finished-at="2024-10-26T07:47:14 IST" duration-ms="1572" status="PASS">
          <reporter-output>
          </reporter-output>
        </test-method> <!-- generateReport -->
      </class> <!-- script.Demo1 -->
      <class name="script.ValidLogin">
        <test-method is-config="true" signature="preCondition(java.lang.reflect.Method,java.lang.String)[pri:0, instance:script.ValidLogin@145f66e3]" started-at="2024-10-26T07:46:33 IST" name="preCondition" finished-at="2024-10-26T07:46:54 IST" duration-ms="20599" status="PASS">
          <params>
            <param index="0">
              <value>
                <![CDATA[public void script.ValidLogin.TestValidLogin()]]>
              </value>
            </param>
            <param index="1">
              <value>
                <![CDATA[config.properties]]>
              </value>
            </param>
          </params>
          <reporter-output>
          </reporter-output>
        </test-method> <!-- preCondition -->
        <test-method signature="TestValidLogin()[pri:1, instance:script.ValidLogin@145f66e3]" started-at="2024-10-26T07:46:54 IST" name="TestValidLogin" finished-at="2024-10-26T07:47:10 IST" duration-ms="16116" status="PASS">
          <reporter-output>
            <line>
              <![CDATA[Home Page is Displayed]]>
            </line>
          </reporter-output>
        </test-method> <!-- TestValidLogin -->
        <test-method is-config="true" signature="postCondition(org.testng.ITestResult)[pri:0, instance:script.ValidLogin@145f66e3]" started-at="2024-10-26T07:47:10 IST" name="postCondition" finished-at="2024-10-26T07:47:12 IST" duration-ms="2537" status="PASS">
          <params>
            <param index="0">
              <value>
                <![CDATA[[TestResult name=TestValidLogin status=SUCCESS method=ValidLogin.TestValidLogin()[pri:1, instance:script.ValidLogin@145f66e3] output=Home Page is Displayed]]]>
              </value>
            </param>
          </params>
          <reporter-output>
          </reporter-output>
        </test-method> <!-- postCondition -->
      </class> <!-- script.ValidLogin -->
    </test> <!-- Test1 -->
  </suite> <!-- Suite -->
</testng-results>
