<?xml version="1.0" encoding="UTF-8"?>
<testng-results ignored="0" total="1" passed="1" failed="0" skipped="0">
  <reporter-output>
  </reporter-output>
  <suite started-at="2024-10-23T07:16:06 IST" name="Default suite" finished-at="2024-10-23T07:17:05 IST" duration-ms="59071">
    <groups>
    </groups>
    <test started-at="2024-10-23T07:16:06 IST" name="Default test" finished-at="2024-10-23T07:17:05 IST" duration-ms="59071">
      <class name="script.Demo1">
        <test-method is-config="true" signature="initReport()[pri:0, instance:script.Demo1@5b8dfcc1]" started-at="2024-10-23T07:16:04 IST" name="initReport" finished-at="2024-10-23T07:16:06 IST" duration-ms="1412" status="PASS">
          <reporter-output>
          </reporter-output>
        </test-method> <!-- initReport -->
        <test-method is-config="true" signature="preCondition(java.lang.reflect.Method,java.lang.String)[pri:0, instance:script.Demo1@5b8dfcc1]" started-at="2024-10-23T07:16:06 IST" name="preCondition" finished-at="2024-10-23T07:16:55 IST" duration-ms="49756" status="PASS">
          <params>
            <param index="0">
              <value>
                <![CDATA[public void script.Demo1.TestA()]]>
              </value>
            </param>
            <param index="1">
              <value>
                <![CDATA[./config.properties]]>
              </value>
            </param>
          </params>
          <reporter-output>
          </reporter-output>
        </test-method> <!-- preCondition -->
        <test-method signature="TestA()[pri:0, instance:script.Demo1@5b8dfcc1]" started-at="2024-10-23T07:16:55 IST" name="TestA" finished-at="2024-10-23T07:17:02 IST" duration-ms="6549" status="PASS">
          <reporter-output>
          </reporter-output>
        </test-method> <!-- TestA -->
        <test-method is-config="true" signature="postCondition(org.testng.ITestResult)[pri:0, instance:script.Demo1@5b8dfcc1]" started-at="2024-10-23T07:17:02 IST" name="postCondition" finished-at="2024-10-23T07:17:05 IST" duration-ms="2655" status="PASS">
          <params>
            <param index="0">
              <value>
                <![CDATA[[TestResult name=TestA status=SUCCESS method=Demo1.TestA()[pri:0, instance:script.Demo1@5b8dfcc1] output={null}]]]>
              </value>
            </param>
          </params>
          <reporter-output>
          </reporter-output>
        </test-method> <!-- postCondition -->
        <test-method is-config="true" signature="generateReport()[pri:0, instance:script.Demo1@5b8dfcc1]" started-at="2024-10-23T07:17:05 IST" name="generateReport" finished-at="2024-10-23T07:17:06 IST" duration-ms="1055" status="PASS">
          <reporter-output>
          </reporter-output>
        </test-method> <!-- generateReport -->
      </class> <!-- script.Demo1 -->
    </test> <!-- Default test -->
  </suite> <!-- Default suite -->
</testng-results>
